Symlinking /home/avinaash/autonomous_forklift/noetic_ws/devel/lib/libeffort_controllers.so
Symlinking /home/avinaash/autonomous_forklift/noetic_ws/devel/lib/pkgconfig/effort_controllers.pc
Symlinking /home/avinaash/autonomous_forklift/noetic_ws/devel/lib/effort_controllers/simple_bot_hw
Symlinking /home/avinaash/autonomous_forklift/noetic_ws/devel/share/effort_controllers/cmake/effort_controllersConfig.cmake
Symlinking /home/avinaash/autonomous_forklift/noetic_ws/devel/share/effort_controllers/cmake/effort_controllersConfig-version.cmake
Cleaning: (/home/avinaash/noetic_ws/devel/.private/effort_controllers/cmake.lock, /home/avinaash/noetic_ws/devel/./cmake.lock)
Cleaning: (/home/avinaash/noetic_ws/devel/.private/effort_controllers/lib/libeffort_controllers.so, /home/avinaash/noetic_ws/devel/lib/libeffort_controllers.so)
Cleaning: (/home/avinaash/noetic_ws/devel/.private/effort_controllers/lib/pkgconfig/effort_controllers.pc, /home/avinaash/noetic_ws/devel/lib/pkgconfig/effort_controllers.pc)
Cleaning: (/home/avinaash/noetic_ws/devel/.private/effort_controllers/lib/effort_controllers/simple_bot_hw, /home/avinaash/noetic_ws/devel/lib/effort_controllers/simple_bot_hw)
Cleaning: (/home/avinaash/noetic_ws/devel/.private/effort_controllers/share/effort_controllers/cmake/effort_controllersConfig.cmake, /home/avinaash/noetic_ws/devel/share/effort_controllers/cmake/effort_controllersConfig.cmake)
Cleaning: (/home/avinaash/noetic_ws/devel/.private/effort_controllers/share/effort_controllers/cmake/effort_controllersConfig-version.cmake, /home/avinaash/noetic_ws/devel/share/effort_controllers/cmake/effort_controllersConfig-version.cmake)
Unlinking: /home/avinaash/noetic_ws/devel/lib/libeffort_controllers.so
Already unlinked: {}
Unlinking: /home/avinaash/noetic_ws/devel/lib/pkgconfig/effort_controllers.pc
Already unlinked: {}
Unlinking: /home/avinaash/noetic_ws/devel/lib/effort_controllers/simple_bot_hw
Already unlinked: {}
Unlinking: /home/avinaash/noetic_ws/devel/share/effort_controllers/cmake/effort_controllersConfig.cmake
Already unlinked: {}
Unlinking: /home/avinaash/noetic_ws/devel/share/effort_controllers/cmake/effort_controllersConfig-version.cmake
Already unlinked: {}
