Symlinking /home/avinaash/autonomous_forklift/noetic_ws/devel/lib/libackermann_steering_controller.so
Symlinking /home/avinaash/autonomous_forklift/noetic_ws/devel/lib/ackermann_steering_controller/ackermann_steering_controller_ackermann_steering_bot
Symlinking /home/avinaash/autonomous_forklift/noetic_ws/devel/lib/pkgconfig/ackermann_steering_controller.pc
Symlinking /home/avinaash/autonomous_forklift/noetic_ws/devel/share/ackermann_steering_controller/cmake/ackermann_steering_controllerConfig-version.cmake
Symlinking /home/avinaash/autonomous_forklift/noetic_ws/devel/share/ackermann_steering_controller/cmake/ackermann_steering_controllerConfig.cmake
Cleaning: (/home/avinaash/noetic_ws/devel/.private/ackermann_steering_controller/cmake.lock, /home/avinaash/noetic_ws/devel/./cmake.lock)
Cleaning: (/home/avinaash/noetic_ws/devel/.private/ackermann_steering_controller/lib/libackermann_steering_controller.so, /home/avinaash/noetic_ws/devel/lib/libackermann_steering_controller.so)
Cleaning: (/home/avinaash/noetic_ws/devel/.private/ackermann_steering_controller/lib/ackermann_steering_controller/ackermann_steering_controller_ackermann_steering_bot, /home/avinaash/noetic_ws/devel/lib/ackermann_steering_controller/ackermann_steering_controller_ackermann_steering_bot)
Cleaning: (/home/avinaash/noetic_ws/devel/.private/ackermann_steering_controller/lib/pkgconfig/ackermann_steering_controller.pc, /home/avinaash/noetic_ws/devel/lib/pkgconfig/ackermann_steering_controller.pc)
Cleaning: (/home/avinaash/noetic_ws/devel/.private/ackermann_steering_controller/share/ackermann_steering_controller/cmake/ackermann_steering_controllerConfig-version.cmake, /home/avinaash/noetic_ws/devel/share/ackermann_steering_controller/cmake/ackermann_steering_controllerConfig-version.cmake)
Cleaning: (/home/avinaash/noetic_ws/devel/.private/ackermann_steering_controller/share/ackermann_steering_controller/cmake/ackermann_steering_controllerConfig.cmake, /home/avinaash/noetic_ws/devel/share/ackermann_steering_controller/cmake/ackermann_steering_controllerConfig.cmake)
Unlinking: /home/avinaash/noetic_ws/devel/lib/libackermann_steering_controller.so
Already unlinked: {}
Unlinking: /home/avinaash/noetic_ws/devel/lib/ackermann_steering_controller/ackermann_steering_controller_ackermann_steering_bot
Already unlinked: {}
Unlinking: /home/avinaash/noetic_ws/devel/lib/pkgconfig/ackermann_steering_controller.pc
Already unlinked: {}
Unlinking: /home/avinaash/noetic_ws/devel/share/ackermann_steering_controller/cmake/ackermann_steering_controllerConfig-version.cmake
Already unlinked: {}
Unlinking: /home/avinaash/noetic_ws/devel/share/ackermann_steering_controller/cmake/ackermann_steering_controllerConfig.cmake
Already unlinked: {}
