[01m[K/home/avinaash/autonomous_forklift/noetic_ws/src/tricyclEbot/ebot_description/plugins/TricycleDriveModPlugin.cpp:[m[K In member function ‘[01m[Kvirtual void gazebo::GazeboRosTricycleModDrive::Load(gazebo::physics::ModelPtr, sdf::v9::ElementPtr)[m[K’:
[01m[K/home/avinaash/autonomous_forklift/noetic_ws/src/tricyclEbot/ebot_description/plugins/TricycleDriveModPlugin.cpp:109:105:[m[K [01;31m[Kerror: [m[K‘[01m[KwheelEncCallback[m[K’ is not a member of ‘[01m[Kgazebo::GazeboRosTricycleModDrive[m[K’
  109 |     wheel_enc_subscriber_ = gazebo_ros_->node()->subscribe("/wheel_enc", 1, &GazeboRosTricycleModDrive::[01;31m[KwheelEncCallback[m[K, this);
      |                                                                                                         [01;31m[K^~~~~~~~~~~~~~~~[m[K
[01m[K/home/avinaash/autonomous_forklift/noetic_ws/src/tricyclEbot/ebot_description/plugins/TricycleDriveModPlugin.cpp:110:111:[m[K [01;31m[Kerror: [m[K‘[01m[KsteeringEncCallback[m[K’ is not a member of ‘[01m[Kgazebo::GazeboRosTricycleModDrive[m[K’
  110 |     steering_enc_subscriber_ = gazebo_ros_->node()->subscribe("/steering_enc", 1, &GazeboRosTricycleModDrive::[01;31m[KsteeringEncCallback[m[K, this);
      |                                                                                                               [01;31m[K^~~~~~~~~~~~~~~~~~~[m[K
[01m[K/home/avinaash/autonomous_forklift/noetic_ws/src/tricyclEbot/ebot_description/plugins/TricycleDriveModPlugin.cpp:[m[K At global scope:
[01m[K/home/avinaash/autonomous_forklift/noetic_ws/src/tricyclEbot/ebot_description/plugins/TricycleDriveModPlugin.cpp:119:66:[m[K [01;31m[Kerror: [m[K‘[01m[KInt64[m[K’ in namespace ‘[01m[Kstd_msgs[m[K’ does not name a type
  119 | void GazeboRosTricycleModDrive::wheelEncCallback(const std_msgs::[01;31m[KInt64[m[K::ConstPtr &msg)
      |                                                                  [01;31m[K^~~~~[m[K
[01m[K/home/avinaash/autonomous_forklift/noetic_ws/src/tricyclEbot/ebot_description/plugins/TricycleDriveModPlugin.cpp:119:82:[m[K [01;31m[Kerror: [m[Kexpected unqualified-id before ‘[01m[K&[m[K’ token
  119 | void GazeboRosTricycleModDrive::wheelEncCallback(const std_msgs::Int64::ConstPtr [01;31m[K&[m[Kmsg)
      |                                                                                  [01;31m[K^[m[K
[01m[K/home/avinaash/autonomous_forklift/noetic_ws/src/tricyclEbot/ebot_description/plugins/TricycleDriveModPlugin.cpp:119:81:[m[K [01;31m[Kerror: [m[Kexpected ‘[01m[K)[m[K’ before ‘[01m[K&[m[K’ token
  119 | void GazeboRosTricycleModDrive::wheelEncCallback[34m[K([m[Kconst std_msgs::Int64::ConstPtr[01;31m[K [m[K[32m[K&[m[Kmsg)
      |                                                 [34m[K~[m[K                               [01;31m[K^[m[K[32m[K~[m[K
      |                                                                                 [32m[K)[m[K
[01m[K/home/avinaash/autonomous_forklift/noetic_ws/src/tricyclEbot/ebot_description/plugins/TricycleDriveModPlugin.cpp:119:83:[m[K [01;31m[Kerror: [m[Kexpected initializer before ‘[01m[Kmsg[m[K’
  119 | void GazeboRosTricycleModDrive::wheelEncCallback(const std_msgs::Int64::ConstPtr &[01;31m[Kmsg[m[K)
      |                                                                                   [01;31m[K^~~[m[K
[01m[K/home/avinaash/autonomous_forklift/noetic_ws/src/tricyclEbot/ebot_description/plugins/TricycleDriveModPlugin.cpp:125:69:[m[K [01;31m[Kerror: [m[K‘[01m[KInt64[m[K’ in namespace ‘[01m[Kstd_msgs[m[K’ does not name a type
  125 | void GazeboRosTricycleModDrive::steeringEncCallback(const std_msgs::[01;31m[KInt64[m[K::ConstPtr &msg)
      |                                                                     [01;31m[K^~~~~[m[K
[01m[K/home/avinaash/autonomous_forklift/noetic_ws/src/tricyclEbot/ebot_description/plugins/TricycleDriveModPlugin.cpp:125:85:[m[K [01;31m[Kerror: [m[Kexpected unqualified-id before ‘[01m[K&[m[K’ token
  125 | void GazeboRosTricycleModDrive::steeringEncCallback(const std_msgs::Int64::ConstPtr [01;31m[K&[m[Kmsg)
      |                                                                                     [01;31m[K^[m[K
[01m[K/home/avinaash/autonomous_forklift/noetic_ws/src/tricyclEbot/ebot_description/plugins/TricycleDriveModPlugin.cpp:125:84:[m[K [01;31m[Kerror: [m[Kexpected ‘[01m[K)[m[K’ before ‘[01m[K&[m[K’ token
  125 | void GazeboRosTricycleModDrive::steeringEncCallback[34m[K([m[Kconst std_msgs::Int64::ConstPtr[01;31m[K [m[K[32m[K&[m[Kmsg)
      |                                                    [34m[K~[m[K                               [01;31m[K^[m[K[32m[K~[m[K
      |                                                                                    [32m[K)[m[K
[01m[K/home/avinaash/autonomous_forklift/noetic_ws/src/tricyclEbot/ebot_description/plugins/TricycleDriveModPlugin.cpp:125:86:[m[K [01;31m[Kerror: [m[Kexpected initializer before ‘[01m[Kmsg[m[K’
  125 | void GazeboRosTricycleModDrive::steeringEncCallback(const std_msgs::Int64::ConstPtr &[01;31m[Kmsg[m[K)
      |                                                                                      [01;31m[K^~~[m[K
make[2]: *** [CMakeFiles/TricycleDriveModPlugin.dir/build.make:63: CMakeFiles/TricycleDriveModPlugin.dir/plugins/TricycleDriveModPlugin.cpp.o] Error 1
make[1]: *** [CMakeFiles/Makefile2:227: CMakeFiles/TricycleDriveModPlugin.dir/all] Error 2
make: *** [Makefile:141: all] Error 2
