Performing C SOURCE FILE Test CMAKE_HAVE_LIBC_PTHREAD failed with the following output:
Change Dir: /home/avinaash/autonomous_forklift/noetic_ws/build/gearfork_bot/CMakeFiles/CMakeTmp

Run Build Command(s):/usr/bin/make cmTC_1d19d/fast && /usr/bin/make -f CMakeFiles/cmTC_1d19d.dir/build.make CMakeFiles/cmTC_1d19d.dir/build
make[1]: Entering directory '/home/avinaash/autonomous_forklift/noetic_ws/build/gearfork_bot/CMakeFiles/CMakeTmp'
Building C object CMakeFiles/cmTC_1d19d.dir/src.c.o
/usr/bin/cc   -DCMAKE_HAVE_LIBC_PTHREAD   -o CMakeFiles/cmTC_1d19d.dir/src.c.o   -c /home/avinaash/autonomous_forklift/noetic_ws/build/gearfork_bot/CMakeFiles/CMakeTmp/src.c
Linking C executable cmTC_1d19d
/usr/bin/cmake -E cmake_link_script CMakeFiles/cmTC_1d19d.dir/link.txt --verbose=1
/usr/bin/cc  -DCMAKE_HAVE_LIBC_PTHREAD    -rdynamic CMakeFiles/cmTC_1d19d.dir/src.c.o  -o cmTC_1d19d 
/usr/bin/ld: CMakeFiles/cmTC_1d19d.dir/src.c.o: in function `main':
src.c:(.text+0x46): undefined reference to `pthread_create'
/usr/bin/ld: src.c:(.text+0x52): undefined reference to `pthread_detach'
/usr/bin/ld: src.c:(.text+0x63): undefined reference to `pthread_join'
collect2: error: ld returned 1 exit status
make[1]: *** [CMakeFiles/cmTC_1d19d.dir/build.make:87: cmTC_1d19d] Error 1
make[1]: Leaving directory '/home/avinaash/autonomous_forklift/noetic_ws/build/gearfork_bot/CMakeFiles/CMakeTmp'
make: *** [Makefile:121: cmTC_1d19d/fast] Error 2


Source file was:
#include <pthread.h>

void* test_func(void* data)
{
  return data;
}

int main(void)
{
  pthread_t thread;
  pthread_create(&thread, NULL, test_func, NULL);
  pthread_detach(thread);
  pthread_join(thread, NULL);
  pthread_atfork(NULL, NULL, NULL);
  pthread_exit(NULL);

  return 0;
}

Determining if the function pthread_create exists in the pthreads failed with the following output:
Change Dir: /home/avinaash/autonomous_forklift/noetic_ws/build/gearfork_bot/CMakeFiles/CMakeTmp

Run Build Command(s):/usr/bin/make cmTC_9f871/fast && /usr/bin/make -f CMakeFiles/cmTC_9f871.dir/build.make CMakeFiles/cmTC_9f871.dir/build
make[1]: Entering directory '/home/avinaash/autonomous_forklift/noetic_ws/build/gearfork_bot/CMakeFiles/CMakeTmp'
Building C object CMakeFiles/cmTC_9f871.dir/CheckFunctionExists.c.o
/usr/bin/cc   -DCHECK_FUNCTION_EXISTS=pthread_create   -o CMakeFiles/cmTC_9f871.dir/CheckFunctionExists.c.o   -c /usr/share/cmake-3.16/Modules/CheckFunctionExists.c
Linking C executable cmTC_9f871
/usr/bin/cmake -E cmake_link_script CMakeFiles/cmTC_9f871.dir/link.txt --verbose=1
/usr/bin/cc  -DCHECK_FUNCTION_EXISTS=pthread_create    -rdynamic CMakeFiles/cmTC_9f871.dir/CheckFunctionExists.c.o  -o cmTC_9f871  -lpthreads 
/usr/bin/ld: cannot find -lpthreads
collect2: error: ld returned 1 exit status
make[1]: *** [CMakeFiles/cmTC_9f871.dir/build.make:87: cmTC_9f871] Error 1
make[1]: Leaving directory '/home/avinaash/autonomous_forklift/noetic_ws/build/gearfork_bot/CMakeFiles/CMakeTmp'
make: *** [Makefile:121: cmTC_9f871/fast] Error 2



