Symlinking /home/avinaash/autonomous_forklift/noetic_ws/devel/lib/python3/dist-packages/razor_imu_9dof/__init__.py
Symlinking /home/avinaash/autonomous_forklift/noetic_ws/devel/lib/python3/dist-packages/razor_imu_9dof/cfg/__init__.py
Symlinking /home/avinaash/autonomous_forklift/noetic_ws/devel/lib/python3/dist-packages/razor_imu_9dof/cfg/imuConfig.py
Symlinking /home/avinaash/autonomous_forklift/noetic_ws/devel/lib/pkgconfig/razor_imu_9dof.pc
Symlinking /home/avinaash/autonomous_forklift/noetic_ws/devel/share/razor_imu_9dof/nodes/display_3D_visualization.py
Symlinking /home/avinaash/autonomous_forklift/noetic_ws/devel/share/razor_imu_9dof/nodes/imu_node.py
Symlinking /home/avinaash/autonomous_forklift/noetic_ws/devel/share/razor_imu_9dof/nodes/cmake.lock
Symlinking /home/avinaash/autonomous_forklift/noetic_ws/devel/share/razor_imu_9dof/cmake/razor_imu_9dofConfig.cmake
Symlinking /home/avinaash/autonomous_forklift/noetic_ws/devel/share/razor_imu_9dof/cmake/razor_imu_9dofConfig-version.cmake
Symlinking /home/avinaash/autonomous_forklift/noetic_ws/devel/share/razor_imu_9dof/docs/imuConfig.dox
Symlinking /home/avinaash/autonomous_forklift/noetic_ws/devel/share/razor_imu_9dof/docs/imuConfig-usage.dox
Symlinking /home/avinaash/autonomous_forklift/noetic_ws/devel/share/razor_imu_9dof/docs/imuConfig.wikidoc
Symlinking /home/avinaash/autonomous_forklift/noetic_ws/devel/include/razor_imu_9dof/imuConfig.h
Cleaning: (/home/avinaash/noetic_ws/devel/.private/razor_imu_9dof/cmake.lock, /home/avinaash/noetic_ws/devel/./cmake.lock)
Cleaning: (/home/avinaash/noetic_ws/devel/.private/razor_imu_9dof/lib/python3/dist-packages/razor_imu_9dof/__init__.py, /home/avinaash/noetic_ws/devel/lib/python3/dist-packages/razor_imu_9dof/__init__.py)
Cleaning: (/home/avinaash/noetic_ws/devel/.private/razor_imu_9dof/lib/python3/dist-packages/razor_imu_9dof/cfg/__init__.py, /home/avinaash/noetic_ws/devel/lib/python3/dist-packages/razor_imu_9dof/cfg/__init__.py)
Cleaning: (/home/avinaash/noetic_ws/devel/.private/razor_imu_9dof/lib/python3/dist-packages/razor_imu_9dof/cfg/imuConfig.py, /home/avinaash/noetic_ws/devel/lib/python3/dist-packages/razor_imu_9dof/cfg/imuConfig.py)
Cleaning: (/home/avinaash/noetic_ws/devel/.private/razor_imu_9dof/lib/pkgconfig/razor_imu_9dof.pc, /home/avinaash/noetic_ws/devel/lib/pkgconfig/razor_imu_9dof.pc)
Cleaning: (/home/avinaash/noetic_ws/devel/.private/razor_imu_9dof/share/razor_imu_9dof/nodes/display_3D_visualization.py, /home/avinaash/noetic_ws/devel/share/razor_imu_9dof/nodes/display_3D_visualization.py)
Cleaning: (/home/avinaash/noetic_ws/devel/.private/razor_imu_9dof/share/razor_imu_9dof/nodes/imu_node.py, /home/avinaash/noetic_ws/devel/share/razor_imu_9dof/nodes/imu_node.py)
Cleaning: (/home/avinaash/noetic_ws/devel/.private/razor_imu_9dof/share/razor_imu_9dof/nodes/cmake.lock, /home/avinaash/noetic_ws/devel/share/razor_imu_9dof/nodes/cmake.lock)
Cleaning: (/home/avinaash/noetic_ws/devel/.private/razor_imu_9dof/share/razor_imu_9dof/cmake/razor_imu_9dofConfig.cmake, /home/avinaash/noetic_ws/devel/share/razor_imu_9dof/cmake/razor_imu_9dofConfig.cmake)
Cleaning: (/home/avinaash/noetic_ws/devel/.private/razor_imu_9dof/share/razor_imu_9dof/cmake/razor_imu_9dofConfig-version.cmake, /home/avinaash/noetic_ws/devel/share/razor_imu_9dof/cmake/razor_imu_9dofConfig-version.cmake)
Cleaning: (/home/avinaash/noetic_ws/devel/.private/razor_imu_9dof/share/razor_imu_9dof/docs/imuConfig.dox, /home/avinaash/noetic_ws/devel/share/razor_imu_9dof/docs/imuConfig.dox)
Cleaning: (/home/avinaash/noetic_ws/devel/.private/razor_imu_9dof/share/razor_imu_9dof/docs/imuConfig-usage.dox, /home/avinaash/noetic_ws/devel/share/razor_imu_9dof/docs/imuConfig-usage.dox)
Cleaning: (/home/avinaash/noetic_ws/devel/.private/razor_imu_9dof/share/razor_imu_9dof/docs/imuConfig.wikidoc, /home/avinaash/noetic_ws/devel/share/razor_imu_9dof/docs/imuConfig.wikidoc)
Cleaning: (/home/avinaash/noetic_ws/devel/.private/razor_imu_9dof/include/razor_imu_9dof/imuConfig.h, /home/avinaash/noetic_ws/devel/include/razor_imu_9dof/imuConfig.h)
Unlinking: /home/avinaash/noetic_ws/devel/lib/python3/dist-packages/razor_imu_9dof/__init__.py
Already unlinked: {}
Unlinking: /home/avinaash/noetic_ws/devel/lib/python3/dist-packages/razor_imu_9dof/cfg/__init__.py
Already unlinked: {}
Unlinking: /home/avinaash/noetic_ws/devel/lib/python3/dist-packages/razor_imu_9dof/cfg/imuConfig.py
Already unlinked: {}
Unlinking: /home/avinaash/noetic_ws/devel/lib/pkgconfig/razor_imu_9dof.pc
Already unlinked: {}
Unlinking: /home/avinaash/noetic_ws/devel/share/razor_imu_9dof/nodes/display_3D_visualization.py
Already unlinked: {}
Unlinking: /home/avinaash/noetic_ws/devel/share/razor_imu_9dof/nodes/imu_node.py
Already unlinked: {}
Unlinking: /home/avinaash/noetic_ws/devel/share/razor_imu_9dof/nodes/cmake.lock
Already unlinked: {}
Unlinking: /home/avinaash/noetic_ws/devel/share/razor_imu_9dof/cmake/razor_imu_9dofConfig.cmake
Already unlinked: {}
Unlinking: /home/avinaash/noetic_ws/devel/share/razor_imu_9dof/cmake/razor_imu_9dofConfig-version.cmake
Already unlinked: {}
Unlinking: /home/avinaash/noetic_ws/devel/share/razor_imu_9dof/docs/imuConfig.dox
Already unlinked: {}
Unlinking: /home/avinaash/noetic_ws/devel/share/razor_imu_9dof/docs/imuConfig-usage.dox
Already unlinked: {}
Unlinking: /home/avinaash/noetic_ws/devel/share/razor_imu_9dof/docs/imuConfig.wikidoc
Already unlinked: {}
Unlinking: /home/avinaash/noetic_ws/devel/include/razor_imu_9dof/imuConfig.h
Already unlinked: {}
