Symlinking /home/avinaash/autonomous_forklift/noetic_ws/devel/lib/libpath_tracking_pid.so
Symlinking /home/avinaash/autonomous_forklift/noetic_ws/devel/lib/python3/dist-packages/path_tracking_pid/__init__.py
Symlinking /home/avinaash/autonomous_forklift/noetic_ws/devel/lib/python3/dist-packages/path_tracking_pid/msg/_PidFeedback.py
Symlinking /home/avinaash/autonomous_forklift/noetic_ws/devel/lib/python3/dist-packages/path_tracking_pid/msg/__init__.py
Symlinking /home/avinaash/autonomous_forklift/noetic_ws/devel/lib/python3/dist-packages/path_tracking_pid/msg/_PidDebug.py
Symlinking /home/avinaash/autonomous_forklift/noetic_ws/devel/lib/python3/dist-packages/path_tracking_pid/cfg/PidConfig.py
Symlinking /home/avinaash/autonomous_forklift/noetic_ws/devel/lib/python3/dist-packages/path_tracking_pid/cfg/__init__.py
Symlinking /home/avinaash/autonomous_forklift/noetic_ws/devel/lib/pkgconfig/path_tracking_pid.pc
Symlinking /home/avinaash/autonomous_forklift/noetic_ws/devel/share/gennodejs/ros/path_tracking_pid/_index.js
Symlinking /home/avinaash/autonomous_forklift/noetic_ws/devel/share/gennodejs/ros/path_tracking_pid/msg/_index.js
Symlinking /home/avinaash/autonomous_forklift/noetic_ws/devel/share/gennodejs/ros/path_tracking_pid/msg/PidDebug.js
Symlinking /home/avinaash/autonomous_forklift/noetic_ws/devel/share/gennodejs/ros/path_tracking_pid/msg/PidFeedback.js
Symlinking /home/avinaash/autonomous_forklift/noetic_ws/devel/share/common-lisp/ros/path_tracking_pid/msg/_package_PidDebug.lisp
Symlinking /home/avinaash/autonomous_forklift/noetic_ws/devel/share/common-lisp/ros/path_tracking_pid/msg/_package_PidFeedback.lisp
Symlinking /home/avinaash/autonomous_forklift/noetic_ws/devel/share/common-lisp/ros/path_tracking_pid/msg/PidFeedback.lisp
Symlinking /home/avinaash/autonomous_forklift/noetic_ws/devel/share/common-lisp/ros/path_tracking_pid/msg/_package.lisp
Symlinking /home/avinaash/autonomous_forklift/noetic_ws/devel/share/common-lisp/ros/path_tracking_pid/msg/path_tracking_pid-msg.asd
Symlinking /home/avinaash/autonomous_forklift/noetic_ws/devel/share/common-lisp/ros/path_tracking_pid/msg/PidDebug.lisp
Symlinking /home/avinaash/autonomous_forklift/noetic_ws/devel/share/roseus/ros/path_tracking_pid/manifest.l
Symlinking /home/avinaash/autonomous_forklift/noetic_ws/devel/share/roseus/ros/path_tracking_pid/msg/PidFeedback.l
Symlinking /home/avinaash/autonomous_forklift/noetic_ws/devel/share/roseus/ros/path_tracking_pid/msg/PidDebug.l
Symlinking /home/avinaash/autonomous_forklift/noetic_ws/devel/share/path_tracking_pid/cmake/path_tracking_pid-msg-extras.cmake
Symlinking /home/avinaash/autonomous_forklift/noetic_ws/devel/share/path_tracking_pid/cmake/path_tracking_pidConfig-version.cmake
Symlinking /home/avinaash/autonomous_forklift/noetic_ws/devel/share/path_tracking_pid/cmake/path_tracking_pidConfig.cmake
Symlinking /home/avinaash/autonomous_forklift/noetic_ws/devel/share/path_tracking_pid/cmake/path_tracking_pid-msg-paths.cmake
Symlinking /home/avinaash/autonomous_forklift/noetic_ws/devel/share/path_tracking_pid/docs/PidConfig.wikidoc
Symlinking /home/avinaash/autonomous_forklift/noetic_ws/devel/share/path_tracking_pid/docs/PidConfig.dox
Symlinking /home/avinaash/autonomous_forklift/noetic_ws/devel/share/path_tracking_pid/docs/PidConfig-usage.dox
Symlinking /home/avinaash/autonomous_forklift/noetic_ws/devel/include/path_tracking_pid/PidFeedback.h
Symlinking /home/avinaash/autonomous_forklift/noetic_ws/devel/include/path_tracking_pid/PidConfig.h
Symlinking /home/avinaash/autonomous_forklift/noetic_ws/devel/include/path_tracking_pid/PidDebug.h
