Linked: (/home/avinaash/autonomous_forklift/noetic_ws/devel/.private/path_tracking_pid/lib/libpath_tracking_pid.so, /home/avinaash/autonomous_forklift/noetic_ws/devel/lib/libpath_tracking_pid.so)
Linked: (/home/avinaash/autonomous_forklift/noetic_ws/devel/.private/path_tracking_pid/lib/python3/dist-packages/path_tracking_pid/__init__.py, /home/avinaash/autonomous_forklift/noetic_ws/devel/lib/python3/dist-packages/path_tracking_pid/__init__.py)
Linked: (/home/avinaash/autonomous_forklift/noetic_ws/devel/.private/path_tracking_pid/lib/python3/dist-packages/path_tracking_pid/msg/_PidFeedback.py, /home/avinaash/autonomous_forklift/noetic_ws/devel/lib/python3/dist-packages/path_tracking_pid/msg/_PidFeedback.py)
Linked: (/home/avinaash/autonomous_forklift/noetic_ws/devel/.private/path_tracking_pid/lib/python3/dist-packages/path_tracking_pid/msg/__init__.py, /home/avinaash/autonomous_forklift/noetic_ws/devel/lib/python3/dist-packages/path_tracking_pid/msg/__init__.py)
Linked: (/home/avinaash/autonomous_forklift/noetic_ws/devel/.private/path_tracking_pid/lib/python3/dist-packages/path_tracking_pid/msg/_PidDebug.py, /home/avinaash/autonomous_forklift/noetic_ws/devel/lib/python3/dist-packages/path_tracking_pid/msg/_PidDebug.py)
Linked: (/home/avinaash/autonomous_forklift/noetic_ws/devel/.private/path_tracking_pid/lib/python3/dist-packages/path_tracking_pid/cfg/PidConfig.py, /home/avinaash/autonomous_forklift/noetic_ws/devel/lib/python3/dist-packages/path_tracking_pid/cfg/PidConfig.py)
Linked: (/home/avinaash/autonomous_forklift/noetic_ws/devel/.private/path_tracking_pid/lib/python3/dist-packages/path_tracking_pid/cfg/__init__.py, /home/avinaash/autonomous_forklift/noetic_ws/devel/lib/python3/dist-packages/path_tracking_pid/cfg/__init__.py)
Linked: (/home/avinaash/autonomous_forklift/noetic_ws/devel/.private/path_tracking_pid/lib/pkgconfig/path_tracking_pid.pc, /home/avinaash/autonomous_forklift/noetic_ws/devel/lib/pkgconfig/path_tracking_pid.pc)
Linked: (/home/avinaash/autonomous_forklift/noetic_ws/devel/.private/path_tracking_pid/share/gennodejs/ros/path_tracking_pid/_index.js, /home/avinaash/autonomous_forklift/noetic_ws/devel/share/gennodejs/ros/path_tracking_pid/_index.js)
Linked: (/home/avinaash/autonomous_forklift/noetic_ws/devel/.private/path_tracking_pid/share/gennodejs/ros/path_tracking_pid/msg/_index.js, /home/avinaash/autonomous_forklift/noetic_ws/devel/share/gennodejs/ros/path_tracking_pid/msg/_index.js)
Linked: (/home/avinaash/autonomous_forklift/noetic_ws/devel/.private/path_tracking_pid/share/gennodejs/ros/path_tracking_pid/msg/PidDebug.js, /home/avinaash/autonomous_forklift/noetic_ws/devel/share/gennodejs/ros/path_tracking_pid/msg/PidDebug.js)
Linked: (/home/avinaash/autonomous_forklift/noetic_ws/devel/.private/path_tracking_pid/share/gennodejs/ros/path_tracking_pid/msg/PidFeedback.js, /home/avinaash/autonomous_forklift/noetic_ws/devel/share/gennodejs/ros/path_tracking_pid/msg/PidFeedback.js)
Linked: (/home/avinaash/autonomous_forklift/noetic_ws/devel/.private/path_tracking_pid/share/common-lisp/ros/path_tracking_pid/msg/_package_PidDebug.lisp, /home/avinaash/autonomous_forklift/noetic_ws/devel/share/common-lisp/ros/path_tracking_pid/msg/_package_PidDebug.lisp)
Linked: (/home/avinaash/autonomous_forklift/noetic_ws/devel/.private/path_tracking_pid/share/common-lisp/ros/path_tracking_pid/msg/_package_PidFeedback.lisp, /home/avinaash/autonomous_forklift/noetic_ws/devel/share/common-lisp/ros/path_tracking_pid/msg/_package_PidFeedback.lisp)
Linked: (/home/avinaash/autonomous_forklift/noetic_ws/devel/.private/path_tracking_pid/share/common-lisp/ros/path_tracking_pid/msg/PidFeedback.lisp, /home/avinaash/autonomous_forklift/noetic_ws/devel/share/common-lisp/ros/path_tracking_pid/msg/PidFeedback.lisp)
Linked: (/home/avinaash/autonomous_forklift/noetic_ws/devel/.private/path_tracking_pid/share/common-lisp/ros/path_tracking_pid/msg/_package.lisp, /home/avinaash/autonomous_forklift/noetic_ws/devel/share/common-lisp/ros/path_tracking_pid/msg/_package.lisp)
Linked: (/home/avinaash/autonomous_forklift/noetic_ws/devel/.private/path_tracking_pid/share/common-lisp/ros/path_tracking_pid/msg/path_tracking_pid-msg.asd, /home/avinaash/autonomous_forklift/noetic_ws/devel/share/common-lisp/ros/path_tracking_pid/msg/path_tracking_pid-msg.asd)
Linked: (/home/avinaash/autonomous_forklift/noetic_ws/devel/.private/path_tracking_pid/share/common-lisp/ros/path_tracking_pid/msg/PidDebug.lisp, /home/avinaash/autonomous_forklift/noetic_ws/devel/share/common-lisp/ros/path_tracking_pid/msg/PidDebug.lisp)
Linked: (/home/avinaash/autonomous_forklift/noetic_ws/devel/.private/path_tracking_pid/share/roseus/ros/path_tracking_pid/manifest.l, /home/avinaash/autonomous_forklift/noetic_ws/devel/share/roseus/ros/path_tracking_pid/manifest.l)
Linked: (/home/avinaash/autonomous_forklift/noetic_ws/devel/.private/path_tracking_pid/share/roseus/ros/path_tracking_pid/msg/PidFeedback.l, /home/avinaash/autonomous_forklift/noetic_ws/devel/share/roseus/ros/path_tracking_pid/msg/PidFeedback.l)
Linked: (/home/avinaash/autonomous_forklift/noetic_ws/devel/.private/path_tracking_pid/share/roseus/ros/path_tracking_pid/msg/PidDebug.l, /home/avinaash/autonomous_forklift/noetic_ws/devel/share/roseus/ros/path_tracking_pid/msg/PidDebug.l)
Linked: (/home/avinaash/autonomous_forklift/noetic_ws/devel/.private/path_tracking_pid/share/path_tracking_pid/cmake/path_tracking_pid-msg-extras.cmake, /home/avinaash/autonomous_forklift/noetic_ws/devel/share/path_tracking_pid/cmake/path_tracking_pid-msg-extras.cmake)
Linked: (/home/avinaash/autonomous_forklift/noetic_ws/devel/.private/path_tracking_pid/share/path_tracking_pid/cmake/path_tracking_pidConfig-version.cmake, /home/avinaash/autonomous_forklift/noetic_ws/devel/share/path_tracking_pid/cmake/path_tracking_pidConfig-version.cmake)
Linked: (/home/avinaash/autonomous_forklift/noetic_ws/devel/.private/path_tracking_pid/share/path_tracking_pid/cmake/path_tracking_pidConfig.cmake, /home/avinaash/autonomous_forklift/noetic_ws/devel/share/path_tracking_pid/cmake/path_tracking_pidConfig.cmake)
Linked: (/home/avinaash/autonomous_forklift/noetic_ws/devel/.private/path_tracking_pid/share/path_tracking_pid/cmake/path_tracking_pid-msg-paths.cmake, /home/avinaash/autonomous_forklift/noetic_ws/devel/share/path_tracking_pid/cmake/path_tracking_pid-msg-paths.cmake)
Linked: (/home/avinaash/autonomous_forklift/noetic_ws/devel/.private/path_tracking_pid/share/path_tracking_pid/docs/PidConfig.wikidoc, /home/avinaash/autonomous_forklift/noetic_ws/devel/share/path_tracking_pid/docs/PidConfig.wikidoc)
Linked: (/home/avinaash/autonomous_forklift/noetic_ws/devel/.private/path_tracking_pid/share/path_tracking_pid/docs/PidConfig.dox, /home/avinaash/autonomous_forklift/noetic_ws/devel/share/path_tracking_pid/docs/PidConfig.dox)
Linked: (/home/avinaash/autonomous_forklift/noetic_ws/devel/.private/path_tracking_pid/share/path_tracking_pid/docs/PidConfig-usage.dox, /home/avinaash/autonomous_forklift/noetic_ws/devel/share/path_tracking_pid/docs/PidConfig-usage.dox)
Linked: (/home/avinaash/autonomous_forklift/noetic_ws/devel/.private/path_tracking_pid/include/path_tracking_pid/PidFeedback.h, /home/avinaash/autonomous_forklift/noetic_ws/devel/include/path_tracking_pid/PidFeedback.h)
Linked: (/home/avinaash/autonomous_forklift/noetic_ws/devel/.private/path_tracking_pid/include/path_tracking_pid/PidConfig.h, /home/avinaash/autonomous_forklift/noetic_ws/devel/include/path_tracking_pid/PidConfig.h)
Linked: (/home/avinaash/autonomous_forklift/noetic_ws/devel/.private/path_tracking_pid/include/path_tracking_pid/PidDebug.h, /home/avinaash/autonomous_forklift/noetic_ws/devel/include/path_tracking_pid/PidDebug.h)
