[35m[1mScanning dependencies of target tf2_msgs_generate_messages_nodejs[0m
[35m[1mScanning dependencies of target _path_tracking_pid_generate_messages_check_deps_PidFeedback[0m
[35m[1mScanning dependencies of target std_msgs_generate_messages_py[0m
[35m[1mScanning dependencies of target actionlib_msgs_generate_messages_lisp[0m
[35m[1mScanning dependencies of target mbf_msgs_generate_messages_nodejs[0m
[35m[1mScanning dependencies of target mbf_msgs_generate_messages_lisp[0m
[35m[1mScanning dependencies of target mbf_msgs_generate_messages_eus[0m
[35m[1mScanning dependencies of target mbf_msgs_generate_messages_py[0m
[35m[1mScanning dependencies of target nav_msgs_generate_messages_lisp[0m
[35m[1mScanning dependencies of target std_msgs_generate_messages_lisp[0m
[35m[1mScanning dependencies of target geometry_msgs_generate_messages_py[0m
[35m[1mScanning dependencies of target _path_tracking_pid_generate_messages_check_deps_PidDebug[0m
[35m[1mScanning dependencies of target geometry_msgs_generate_messages_lisp[0m
[35m[1mScanning dependencies of target actionlib_msgs_generate_messages_py[0m
[35m[1mScanning dependencies of target nav_msgs_generate_messages_py[0m
[35m[1mScanning dependencies of target mbf_msgs_generate_messages_cpp[0m
[  0%] Built target mbf_msgs_generate_messages_lisp
[  0%] Built target std_msgs_generate_messages_py
[  0%] Built target actionlib_msgs_generate_messages_lisp
[  0%] Built target mbf_msgs_generate_messages_eus
[  0%] Built target tf2_msgs_generate_messages_nodejs
[  0%] Built target geometry_msgs_generate_messages_py
[  0%] Built target mbf_msgs_generate_messages_nodejs
[  0%] Built target nav_msgs_generate_messages_lisp
[  0%] Built target mbf_msgs_generate_messages_py
[  0%] Built target std_msgs_generate_messages_lisp
[  0%] Built target actionlib_msgs_generate_messages_py
[  0%] Built target geometry_msgs_generate_messages_lisp
[  0%] Built target nav_msgs_generate_messages_py
[  0%] Built target mbf_msgs_generate_messages_cpp
[35m[1mScanning dependencies of target nav_msgs_generate_messages_eus[0m
[35m[1mScanning dependencies of target map_msgs_generate_messages_lisp[0m
[35m[1mScanning dependencies of target map_msgs_generate_messages_cpp[0m
[35m[1mScanning dependencies of target map_msgs_generate_messages_nodejs[0m
[35m[1mScanning dependencies of target visualization_msgs_generate_messages_eus[0m
[35m[1mScanning dependencies of target std_msgs_generate_messages_nodejs[0m
[35m[1mScanning dependencies of target visualization_msgs_generate_messages_lisp[0m
[35m[1mScanning dependencies of target visualization_msgs_generate_messages_py[0m
[35m[1mScanning dependencies of target nav_msgs_generate_messages_cpp[0m
[35m[1mScanning dependencies of target visualization_msgs_generate_messages_nodejs[0m
[35m[1mScanning dependencies of target costmap_2d_gencfg[0m
[35m[1mScanning dependencies of target geometry_msgs_generate_messages_nodejs[0m
[35m[1mScanning dependencies of target nav_msgs_generate_messages_nodejs[0m
[35m[1mScanning dependencies of target actionlib_msgs_generate_messages_nodejs[0m
[  0%] Built target visualization_msgs_generate_messages_lisp
[  0%] Built target std_msgs_generate_messages_nodejs
[  0%] Built target map_msgs_generate_messages_nodejs
[  0%] Built target visualization_msgs_generate_messages_eus
[  0%] Built target costmap_2d_gencfg
[  0%] Built target nav_msgs_generate_messages_cpp
[  0%] Built target geometry_msgs_generate_messages_nodejs
[  0%] Built target nav_msgs_generate_messages_nodejs
[  0%] Built target visualization_msgs_generate_messages_py
[  0%] Built target map_msgs_generate_messages_lisp
[  0%] Built target map_msgs_generate_messages_cpp
[  0%] Built target visualization_msgs_generate_messages_nodejs
[  0%] Built target nav_msgs_generate_messages_eus
[  0%] Built target actionlib_msgs_generate_messages_nodejs
[35m[1mScanning dependencies of target geometry_msgs_generate_messages_eus[0m
[35m[1mScanning dependencies of target roscpp_generate_messages_cpp[0m
[35m[1mScanning dependencies of target std_msgs_generate_messages_cpp[0m
[35m[1mScanning dependencies of target costmap_2d_generate_messages_py[0m
[35m[1mScanning dependencies of target actionlib_generate_messages_cpp[0m
[35m[1mScanning dependencies of target roscpp_generate_messages_eus[0m
[35m[1mScanning dependencies of target rosgraph_msgs_generate_messages_nodejs[0m
[35m[1mScanning dependencies of target costmap_2d_generate_messages_cpp[0m
[35m[1mScanning dependencies of target roscpp_generate_messages_nodejs[0m
[35m[1mScanning dependencies of target actionlib_generate_messages_py[0m
[35m[1mScanning dependencies of target actionlib_generate_messages_lisp[0m
[35m[1mScanning dependencies of target tf_generate_messages_eus[0m
[  0%] Built target _path_tracking_pid_generate_messages_check_deps_PidDebug
[  0%] Built target _path_tracking_pid_generate_messages_check_deps_PidFeedback
[35m[1mScanning dependencies of target rosgraph_msgs_generate_messages_lisp[0m
[  0%] Built target actionlib_generate_messages_cpp
[  0%] Built target costmap_2d_generate_messages_cpp
[  0%] Built target costmap_2d_generate_messages_py
[  0%] Built target geometry_msgs_generate_messages_eus
[  0%] Built target rosgraph_msgs_generate_messages_nodejs
[  0%] Built target actionlib_generate_messages_lisp
[  0%] Built target tf_generate_messages_eus
[  0%] Built target std_msgs_generate_messages_cpp
[  0%] Built target actionlib_generate_messages_py
[  0%] Built target roscpp_generate_messages_eus
[  0%] Built target roscpp_generate_messages_nodejs
[35m[1mScanning dependencies of target map_msgs_generate_messages_eus[0m
[  0%] Built target roscpp_generate_messages_cpp
[35m[1mScanning dependencies of target _catkin_empty_exported_target[0m
[35m[1mScanning dependencies of target costmap_2d_generate_messages_lisp[0m
[  0%] Built target rosgraph_msgs_generate_messages_lisp
[  0%] Built target map_msgs_generate_messages_eus
[35m[1mScanning dependencies of target map_msgs_generate_messages_py[0m
[35m[1mScanning dependencies of target tf_generate_messages_py[0m
[35m[1mScanning dependencies of target actionlib_generate_messages_eus[0m
[35m[1mScanning dependencies of target geometry_msgs_generate_messages_cpp[0m
[35m[1mScanning dependencies of target actionlib_msgs_generate_messages_cpp[0m
[35m[1mScanning dependencies of target rosgraph_msgs_generate_messages_cpp[0m
[35m[1mScanning dependencies of target roscpp_generate_messages_lisp[0m
[35m[1mScanning dependencies of target roscpp_generate_messages_py[0m
[35m[1mScanning dependencies of target std_msgs_generate_messages_eus[0m
[35m[1mScanning dependencies of target actionlib_generate_messages_nodejs[0m
[35m[1mScanning dependencies of target rosgraph_msgs_generate_messages_py[0m
[35m[1mScanning dependencies of target rosgraph_msgs_generate_messages_eus[0m
[  0%] Built target _catkin_empty_exported_target
[  0%] Built target costmap_2d_generate_messages_lisp
[35m[1mScanning dependencies of target costmap_2d_generate_messages_nodejs[0m
[  0%] Built target actionlib_msgs_generate_messages_cpp
[  0%] Built target actionlib_generate_messages_nodejs
[  0%] Built target actionlib_generate_messages_eus
[  0%] Built target tf_generate_messages_py
[  0%] Built target rosgraph_msgs_generate_messages_py
[  0%] Built target rosgraph_msgs_generate_messages_cpp
[  0%] Built target roscpp_generate_messages_lisp
[  0%] Built target std_msgs_generate_messages_eus
[  0%] Built target roscpp_generate_messages_py
[  0%] Built target geometry_msgs_generate_messages_cpp
[  0%] Built target map_msgs_generate_messages_py
[  0%] Built target rosgraph_msgs_generate_messages_eus
[35m[1mScanning dependencies of target actionlib_msgs_generate_messages_eus[0m
[35m[1mScanning dependencies of target dynamic_reconfigure_generate_messages_py[0m
[  0%] Built target costmap_2d_generate_messages_nodejs
[35m[1mScanning dependencies of target path_tracking_pid_gencfg[0m
[35m[1mScanning dependencies of target tf_generate_messages_lisp[0m
[35m[1mScanning dependencies of target dynamic_reconfigure_gencfg[0m
[35m[1mScanning dependencies of target dynamic_reconfigure_generate_messages_cpp[0m
[35m[1mScanning dependencies of target tf2_msgs_generate_messages_cpp[0m
[35m[1mScanning dependencies of target tf2_msgs_generate_messages_py[0m
[35m[1mScanning dependencies of target tf_generate_messages_cpp[0m
[35m[1mScanning dependencies of target sensor_msgs_generate_messages_cpp[0m
[35m[1mScanning dependencies of target dynamic_reconfigure_generate_messages_nodejs[0m
[35m[1mScanning dependencies of target dynamic_reconfigure_generate_messages_lisp[0m
[35m[1mScanning dependencies of target dynamic_reconfigure_generate_messages_eus[0m
[35m[1mScanning dependencies of target sensor_msgs_generate_messages_py[0m
[  0%] Built target actionlib_msgs_generate_messages_eus
[  4%] Built target dynamic_reconfigure_generate_messages_py
[  4%] [34m[1mGenerating dynamic reconfigure files from cfg/Pid.cfg: /home/avinaash/autonomous_forklift/noetic_ws/devel/.private/path_tracking_pid/include/path_tracking_pid/PidConfig.h /home/avinaash/autonomous_forklift/noetic_ws/devel/.private/path_tracking_pid/lib/python3/dist-packages/path_tracking_pid/cfg/PidConfig.py[0m
[35m[1mScanning dependencies of target costmap_2d_generate_messages_eus[0m
[35m[1mScanning dependencies of target tf2_msgs_generate_messages_eus[0m
[  4%] Built target dynamic_reconfigure_gencfg
[  4%] Built target tf2_msgs_generate_messages_py
[  4%] Built target tf_generate_messages_lisp
[  4%] Built target dynamic_reconfigure_generate_messages_lisp
[  4%] Built target tf2_msgs_generate_messages_cpp
[  4%] Built target dynamic_reconfigure_generate_messages_cpp
[  4%] Built target sensor_msgs_generate_messages_cpp
[  4%] Built target dynamic_reconfigure_generate_messages_eus
[  4%] Built target tf_generate_messages_cpp
[  4%] Built target sensor_msgs_generate_messages_py
[  4%] Built target dynamic_reconfigure_generate_messages_nodejs
[35m[1mScanning dependencies of target tf_generate_messages_nodejs[0m
[  4%] Built target costmap_2d_generate_messages_eus
[35m[1mScanning dependencies of target visualization_msgs_generate_messages_cpp[0m
[35m[1mScanning dependencies of target path_tracking_pid_generate_messages_py[0m
[  4%] Built target tf2_msgs_generate_messages_eus
[35m[1mScanning dependencies of target tf2_msgs_generate_messages_lisp[0m
[35m[1mScanning dependencies of target sensor_msgs_generate_messages_eus[0m
[35m[1mScanning dependencies of target path_tracking_pid_generate_messages_lisp[0m
[35m[1mScanning dependencies of target sensor_msgs_generate_messages_nodejs[0m
[35m[1mScanning dependencies of target sensor_msgs_generate_messages_lisp[0m
[35m[1mScanning dependencies of target path_tracking_pid_generate_messages_eus[0m
[35m[1mScanning dependencies of target path_tracking_pid_generate_messages_nodejs[0m
[  4%] Built target tf_generate_messages_nodejs
[35m[1mScanning dependencies of target path_tracking_pid_generate_messages_cpp[0m
[  4%] Built target sensor_msgs_generate_messages_lisp
[  4%] Built target visualization_msgs_generate_messages_cpp
[  4%] Built target tf2_msgs_generate_messages_lisp
[ 14%] [34m[1mGenerating Python from MSG path_tracking_pid/PidDebug[0m
[ 14%] [34m[1mGenerating Lisp code from path_tracking_pid/PidDebug.msg[0m
[ 19%] Built target sensor_msgs_generate_messages_eus
[ 19%] [34m[1mGenerating Python from MSG path_tracking_pid/PidFeedback[0m
[ 23%] Built target sensor_msgs_generate_messages_nodejs
[ 23%] [34m[1mGenerating Lisp code from path_tracking_pid/PidFeedback.msg[0m
[ 28%] [34m[1mGenerating Javascript code from path_tracking_pid/PidDebug.msg[0m
[ 38%] [34m[1mGenerating Javascript code from path_tracking_pid/PidFeedback.msg[0m
[ 38%] [34m[1mGenerating EusLisp code from path_tracking_pid/PidDebug.msg[0m
[ 42%] [34m[1mGenerating EusLisp manifest code for path_tracking_pid[0m
[ 47%] [34m[1mGenerating C++ code from path_tracking_pid/PidDebug.msg[0m
[ 57%] [34m[1mGenerating EusLisp code from path_tracking_pid/PidFeedback.msg[0m
[ 57%] [34m[1mGenerating C++ code from path_tracking_pid/PidFeedback.msg[0m
Generating reconfiguration files for Pid in path_tracking_pid
Wrote header file in /home/avinaash/autonomous_forklift/noetic_ws/devel/.private/path_tracking_pid/include/path_tracking_pid/PidConfig.h
[ 57%] Built target path_tracking_pid_generate_messages_nodejs
[ 57%] Built target path_tracking_pid_generate_messages_lisp
[ 57%] Built target path_tracking_pid_gencfg
[ 57%] Built target path_tracking_pid_generate_messages_cpp
[ 61%] [34m[1mGenerating Python msg __init__.py for path_tracking_pid[0m
[ 61%] Built target path_tracking_pid_generate_messages_py
[ 61%] Built target path_tracking_pid_generate_messages_eus
[35m[1mScanning dependencies of target path_tracking_pid_generate_messages[0m
[35m[1mScanning dependencies of target path_tracking_pid[0m
[ 61%] Built target path_tracking_pid_generate_messages
[ 66%] [32mBuilding CXX object CMakeFiles/path_tracking_pid.dir/src/controller.cpp.o[0m
[ 76%] [32mBuilding CXX object CMakeFiles/path_tracking_pid.dir/src/details/second_order_lowpass.cpp.o[0m
[ 76%] [32mBuilding CXX object CMakeFiles/path_tracking_pid.dir/src/visualization.cpp.o[0m
[ 85%] [32mBuilding CXX object CMakeFiles/path_tracking_pid.dir/src/calculations.cpp.o[0m
[ 85%] [32mBuilding CXX object CMakeFiles/path_tracking_pid.dir/src/path_tracking_pid_local_planner.cpp.o[0m
[ 90%] [32mBuilding CXX object CMakeFiles/path_tracking_pid.dir/src/details/derivative.cpp.o[0m
[ 95%] [32mBuilding CXX object CMakeFiles/path_tracking_pid.dir/src/details/integral.cpp.o[0m
[100%] [32m[1mLinking CXX shared library /home/avinaash/autonomous_forklift/noetic_ws/devel/.private/path_tracking_pid/lib/libpath_tracking_pid.so[0m
[100%] Built target path_tracking_pid
