[  0%] Built target geometry_msgs_generate_messages_nodejs
[  0%] Built target std_msgs_generate_messages_nodejs
[  0%] Built target std_msgs_generate_messages_eus
[  0%] Built target std_msgs_generate_messages_lisp
[  0%] Built target geometry_msgs_generate_messages_cpp
[  0%] Built target geometry_msgs_generate_messages_py
[  0%] Built target geometry_msgs_generate_messages_eus
[  0%] Built target std_msgs_generate_messages_py
[  0%] Built target std_msgs_generate_messages_cpp
[  0%] Built target geometry_msgs_generate_messages_lisp
[  0%] Built target _gearfork_common_generate_messages_check_deps_forklift_diagnostics_msg
[ 14%] [34m[1mGenerating Javascript code from gearfork_common/forklift_diagnostics_msg.msg[0m
[ 28%] [34m[1mGenerating Python from MSG gearfork_common/forklift_diagnostics_msg[0m
[ 42%] [34m[1mGenerating EusLisp code from gearfork_common/forklift_diagnostics_msg.msg[0m
[ 57%] [34m[1mGenerating C++ code from gearfork_common/forklift_diagnostics_msg.msg[0m
[ 71%] [34m[1mGenerating Lisp code from gearfork_common/forklift_diagnostics_msg.msg[0m
[ 71%] Built target gearfork_common_generate_messages_nodejs
[ 71%] Built target gearfork_common_generate_messages_lisp
[ 85%] Built target gearfork_common_generate_messages_eus
[ 85%] Built target gearfork_common_generate_messages_cpp
[100%] [34m[1mGenerating Python msg __init__.py for gearfork_common[0m
[100%] Built target gearfork_common_generate_messages_py
[100%] Built target gearfork_common_generate_messages
