Symlinking /home/avinaash/autonomous_forklift/noetic_ws/devel/lib/libfour_wheel_steering_controller.so
Symlinking /home/avinaash/autonomous_forklift/noetic_ws/devel/lib/pkgconfig/four_wheel_steering_controller.pc
Symlinking /home/avinaash/autonomous_forklift/noetic_ws/devel/lib/four_wheel_steering_controller/four_wheel_steering
Symlinking /home/avinaash/autonomous_forklift/noetic_ws/devel/share/four_wheel_steering_controller/cmake/four_wheel_steering_controllerConfig-version.cmake
Symlinking /home/avinaash/autonomous_forklift/noetic_ws/devel/share/four_wheel_steering_controller/cmake/four_wheel_steering_controllerConfig.cmake
Cleaning: (/home/avinaash/noetic_ws/devel/.private/four_wheel_steering_controller/cmake.lock, /home/avinaash/noetic_ws/devel/./cmake.lock)
Cleaning: (/home/avinaash/noetic_ws/devel/.private/four_wheel_steering_controller/lib/libfour_wheel_steering_controller.so, /home/avinaash/noetic_ws/devel/lib/libfour_wheel_steering_controller.so)
Cleaning: (/home/avinaash/noetic_ws/devel/.private/four_wheel_steering_controller/lib/pkgconfig/four_wheel_steering_controller.pc, /home/avinaash/noetic_ws/devel/lib/pkgconfig/four_wheel_steering_controller.pc)
Cleaning: (/home/avinaash/noetic_ws/devel/.private/four_wheel_steering_controller/lib/four_wheel_steering_controller/four_wheel_steering, /home/avinaash/noetic_ws/devel/lib/four_wheel_steering_controller/four_wheel_steering)
Cleaning: (/home/avinaash/noetic_ws/devel/.private/four_wheel_steering_controller/share/four_wheel_steering_controller/cmake/four_wheel_steering_controllerConfig-version.cmake, /home/avinaash/noetic_ws/devel/share/four_wheel_steering_controller/cmake/four_wheel_steering_controllerConfig-version.cmake)
Cleaning: (/home/avinaash/noetic_ws/devel/.private/four_wheel_steering_controller/share/four_wheel_steering_controller/cmake/four_wheel_steering_controllerConfig.cmake, /home/avinaash/noetic_ws/devel/share/four_wheel_steering_controller/cmake/four_wheel_steering_controllerConfig.cmake)
Unlinking: /home/avinaash/noetic_ws/devel/lib/libfour_wheel_steering_controller.so
Already unlinked: {}
Unlinking: /home/avinaash/noetic_ws/devel/lib/pkgconfig/four_wheel_steering_controller.pc
Already unlinked: {}
Unlinking: /home/avinaash/noetic_ws/devel/lib/four_wheel_steering_controller/four_wheel_steering
Already unlinked: {}
Unlinking: /home/avinaash/noetic_ws/devel/share/four_wheel_steering_controller/cmake/four_wheel_steering_controllerConfig-version.cmake
Already unlinked: {}
Unlinking: /home/avinaash/noetic_ws/devel/share/four_wheel_steering_controller/cmake/four_wheel_steering_controllerConfig.cmake
Already unlinked: {}
